{"/home/bobo/THP/NEXT/Week2/tri/exos.js": {"path":"/home/bobo/THP/NEXT/Week2/tri/exos.js","statementMap":{"0":{"start":{"line":1,"column":12},"end":{"line":8,"column":1}},"1":{"start":{"line":2,"column":2},"end":{"line":6,"column":3}},"2":{"start":{"line":2,"column":15},"end":{"line":2,"column":16}},"3":{"start":{"line":3,"column":4},"end":{"line":5,"column":5}},"4":{"start":{"line":3,"column":17},"end":{"line":3,"column":22}},"5":{"start":{"line":4,"column":6},"end":{"line":4,"column":49}},"6":{"start":{"line":4,"column":37},"end":{"line":4,"column":49}},"7":{"start":{"line":7,"column":2},"end":{"line":7,"column":15}},"8":{"start":{"line":10,"column":12},"end":{"line":20,"column":1}},"9":{"start":{"line":11,"column":15},"end":{"line":11,"column":16}},"10":{"start":{"line":12,"column":2},"end":{"line":18,"column":3}},"11":{"start":{"line":12,"column":15},"end":{"line":12,"column":16}},"12":{"start":{"line":13,"column":15},"end":{"line":13,"column":19}},"13":{"start":{"line":14,"column":4},"end":{"line":16,"column":5}},"14":{"start":{"line":14,"column":17},"end":{"line":14,"column":22}},"15":{"start":{"line":15,"column":6},"end":{"line":15,"column":44}},"16":{"start":{"line":15,"column":31},"end":{"line":15,"column":44}},"17":{"start":{"line":17,"column":4},"end":{"line":17,"column":23}},"18":{"start":{"line":17,"column":14},"end":{"line":17,"column":23}},"19":{"start":{"line":19,"column":2},"end":{"line":19,"column":16}},"20":{"start":{"line":22,"column":12},"end":{"line":30,"column":1}},"21":{"start":{"line":23,"column":14},"end":{"line":23,"column":41}},"22":{"start":{"line":25,"column":2},"end":{"line":27,"column":3}},"23":{"start":{"line":25,"column":15},"end":{"line":25,"column":16}},"24":{"start":{"line":26,"column":4},"end":{"line":26,"column":46}},"25":{"start":{"line":26,"column":34},"end":{"line":26,"column":46}},"26":{"start":{"line":29,"column":2},"end":{"line":29,"column":15}},"27":{"start":{"line":32,"column":12},"end":{"line":34,"column":1}},"28":{"start":{"line":33,"column":14},"end":{"line":33,"column":24}},"29":{"start":{"line":36,"column":12},"end":{"line":36,"column":77}},"30":{"start":{"line":36,"column":26},"end":{"line":36,"column":77}},"31":{"start":{"line":36,"column":44},"end":{"line":36,"column":65}},"32":{"start":{"line":38,"column":0},"end":{"line":38,"column":45}}},"fnMap":{"0":{"name":"(anonymous_0)","decl":{"start":{"line":1,"column":12},"end":{"line":1,"column":13}},"loc":{"start":{"line":1,"column":26},"end":{"line":8,"column":1}},"line":1},"1":{"name":"(anonymous_1)","decl":{"start":{"line":10,"column":12},"end":{"line":10,"column":13}},"loc":{"start":{"line":10,"column":23},"end":{"line":20,"column":1}},"line":10},"2":{"name":"(anonymous_2)","decl":{"start":{"line":22,"column":12},"end":{"line":22,"column":13}},"loc":{"start":{"line":22,"column":26},"end":{"line":30,"column":1}},"line":22},"3":{"name":"(anonymous_3)","decl":{"start":{"line":32,"column":12},"end":{"line":32,"column":13}},"loc":{"start":{"line":32,"column":23},"end":{"line":34,"column":1}},"line":32},"4":{"name":"(anonymous_4)","decl":{"start":{"line":36,"column":12},"end":{"line":36,"column":13}},"loc":{"start":{"line":36,"column":26},"end":{"line":36,"column":77}},"line":36},"5":{"name":"(anonymous_5)","decl":{"start":{"line":36,"column":39},"end":{"line":36,"column":40}},"loc":{"start":{"line":36,"column":44},"end":{"line":36,"column":65}},"line":36}},"branchMap":{"0":{"loc":{"start":{"line":4,"column":6},"end":{"line":4,"column":49}},"type":"if","locations":[{"start":{"line":4,"column":6},"end":{"line":4,"column":49}},{"start":{},"end":{}}],"line":4},"1":{"loc":{"start":{"line":15,"column":6},"end":{"line":15,"column":44}},"type":"if","locations":[{"start":{"line":15,"column":6},"end":{"line":15,"column":44}},{"start":{},"end":{}}],"line":15},"2":{"loc":{"start":{"line":17,"column":4},"end":{"line":17,"column":23}},"type":"if","locations":[{"start":{"line":17,"column":4},"end":{"line":17,"column":23}},{"start":{},"end":{}}],"line":17},"3":{"loc":{"start":{"line":26,"column":4},"end":{"line":26,"column":46}},"type":"if","locations":[{"start":{"line":26,"column":4},"end":{"line":26,"column":46}},{"start":{},"end":{}}],"line":26}},"s":{"0":1,"1":8,"2":8,"3":20,"4":20,"5":33,"6":4,"7":4,"8":1,"9":5,"10":5,"11":5,"12":27,"13":27,"14":27,"15":77,"16":18,"17":27,"18":14,"19":5,"20":1,"21":8,"22":8,"23":8,"24":15,"25":4,"26":4,"27":1,"28":1,"29":1,"30":8,"31":28,"32":1},"f":{"0":8,"1":5,"2":8,"3":1,"4":8,"5":28},"b":{"0":[4,29],"1":[18,59],"2":[14,13],"3":[4,11]},"_coverageSchema":"1a1c01bbd47fc00a2c39e90264f33305004495a9","hash":"6b425a87bd34debc789852c97103435c91d68b67"}
,"/home/bobo/THP/NEXT/Week2/tri/sort_algos.js": {"path":"/home/bobo/THP/NEXT/Week2/tri/sort_algos.js","statementMap":{"0":{"start":{"line":1,"column":17},"end":{"line":5,"column":1}},"1":{"start":{"line":2,"column":2},"end":{"line":2,"column":60}},"2":{"start":{"line":2,"column":48},"end":{"line":2,"column":60}},"3":{"start":{"line":3,"column":2},"end":{"line":3,"column":66}},"4":{"start":{"line":3,"column":28},"end":{"line":3,"column":66}},"5":{"start":{"line":4,"column":2},"end":{"line":4,"column":15}},"6":{"start":{"line":7,"column":19},"end":{"line":18,"column":1}},"7":{"start":{"line":9,"column":12},"end":{"line":9,"column":22}},"8":{"start":{"line":10,"column":2},"end":{"line":16,"column":3}},"9":{"start":{"line":10,"column":15},"end":{"line":10,"column":16}},"10":{"start":{"line":11,"column":4},"end":{"line":15,"column":5}},"11":{"start":{"line":12,"column":6},"end":{"line":12,"column":22}},"12":{"start":{"line":13,"column":6},"end":{"line":13,"column":26}},"13":{"start":{"line":14,"column":6},"end":{"line":14,"column":26}},"14":{"start":{"line":17,"column":2},"end":{"line":17,"column":54}},"15":{"start":{"line":20,"column":22},"end":{"line":30,"column":1}},"16":{"start":{"line":21,"column":12},"end":{"line":21,"column":22}},"17":{"start":{"line":22,"column":14},"end":{"line":22,"column":20}},"18":{"start":{"line":23,"column":2},"end":{"line":28,"column":3}},"19":{"start":{"line":23,"column":15},"end":{"line":23,"column":16}},"20":{"start":{"line":24,"column":4},"end":{"line":27,"column":5}},"21":{"start":{"line":25,"column":6},"end":{"line":25,"column":26}},"22":{"start":{"line":26,"column":6},"end":{"line":26,"column":23}},"23":{"start":{"line":29,"column":2},"end":{"line":29,"column":64}},"24":{"start":{"line":32,"column":22},"end":{"line":43,"column":1}},"25":{"start":{"line":33,"column":12},"end":{"line":33,"column":22}},"26":{"start":{"line":34,"column":13},"end":{"line":34,"column":19}},"27":{"start":{"line":35,"column":12},"end":{"line":35,"column":13}},"28":{"start":{"line":36,"column":2},"end":{"line":38,"column":3}},"29":{"start":{"line":36,"column":15},"end":{"line":36,"column":16}},"30":{"start":{"line":37,"column":4},"end":{"line":37,"column":56}},"31":{"start":{"line":37,"column":25},"end":{"line":37,"column":56}},"32":{"start":{"line":39,"column":2},"end":{"line":39,"column":22}},"33":{"start":{"line":40,"column":2},"end":{"line":40,"column":18}},"34":{"start":{"line":42,"column":2},"end":{"line":42,"column":64}},"35":{"start":{"line":45,"column":18},"end":{"line":59,"column":1}},"36":{"start":{"line":46,"column":14},"end":{"line":46,"column":22}},"37":{"start":{"line":47,"column":8},"end":{"line":47,"column":17}},"38":{"start":{"line":48,"column":2},"end":{"line":55,"column":3}},"39":{"start":{"line":48,"column":15},"end":{"line":48,"column":20}},"40":{"start":{"line":49,"column":4},"end":{"line":54,"column":5}},"41":{"start":{"line":50,"column":6},"end":{"line":50,"column":10}},"42":{"start":{"line":51,"column":14},"end":{"line":51,"column":20}},"43":{"start":{"line":52,"column":6},"end":{"line":52,"column":22}},"44":{"start":{"line":53,"column":6},"end":{"line":53,"column":17}},"45":{"start":{"line":56,"column":2},"end":{"line":56,"column":24}},"46":{"start":{"line":57,"column":2},"end":{"line":57,"column":21}},"47":{"start":{"line":58,"column":2},"end":{"line":58,"column":15}},"48":{"start":{"line":61,"column":18},"end":{"line":68,"column":1}},"49":{"start":{"line":62,"column":12},"end":{"line":62,"column":22}},"50":{"start":{"line":63,"column":2},"end":{"line":63,"column":31}},"51":{"start":{"line":63,"column":20},"end":{"line":63,"column":31}},"52":{"start":{"line":64,"column":12},"end":{"line":64,"column":38}},"53":{"start":{"line":65,"column":2},"end":{"line":65,"column":37}},"54":{"start":{"line":66,"column":2},"end":{"line":66,"column":35}},"55":{"start":{"line":67,"column":2},"end":{"line":67,"column":13}},"56":{"start":{"line":70,"column":14},"end":{"line":85,"column":1}},"57":{"start":{"line":71,"column":14},"end":{"line":71,"column":16}},"58":{"start":{"line":73,"column":2},"end":{"line":79,"column":3}},"59":{"start":{"line":74,"column":4},"end":{"line":78,"column":5}},"60":{"start":{"line":75,"column":6},"end":{"line":75,"column":37}},"61":{"start":{"line":77,"column":6},"end":{"line":77,"column":37}},"62":{"start":{"line":81,"column":2},"end":{"line":81,"column":57}},"63":{"start":{"line":81,"column":26},"end":{"line":81,"column":57}},"64":{"start":{"line":82,"column":2},"end":{"line":82,"column":57}},"65":{"start":{"line":82,"column":26},"end":{"line":82,"column":57}},"66":{"start":{"line":84,"column":2},"end":{"line":84,"column":14}},"67":{"start":{"line":87,"column":18},"end":{"line":93,"column":1}},"68":{"start":{"line":88,"column":12},"end":{"line":88,"column":22}},"69":{"start":{"line":89,"column":2},"end":{"line":89,"column":34}},"70":{"start":{"line":89,"column":23},"end":{"line":89,"column":34}},"71":{"start":{"line":90,"column":15},"end":{"line":90,"column":54}},"72":{"start":{"line":91,"column":15},"end":{"line":91,"column":51}},"73":{"start":{"line":92,"column":2},"end":{"line":92,"column":27}},"74":{"start":{"line":95,"column":13},"end":{"line":106,"column":1}},"75":{"start":{"line":96,"column":13},"end":{"line":96,"column":26}},"76":{"start":{"line":97,"column":19},"end":{"line":97,"column":34}},"77":{"start":{"line":99,"column":2},"end":{"line":105,"column":3}},"78":{"start":{"line":100,"column":4},"end":{"line":100,"column":89}},"79":{"start":{"line":100,"column":32},"end":{"line":100,"column":89}},"80":{"start":{"line":101,"column":17},"end":{"line":101,"column":81}},"81":{"start":{"line":101,"column":71},"end":{"line":101,"column":80}},"82":{"start":{"line":102,"column":4},"end":{"line":102,"column":50}},"83":{"start":{"line":104,"column":4},"end":{"line":104,"column":33}},"84":{"start":{"line":108,"column":0},"end":{"line":108,"column":7}},"85":{"start":{"line":110,"column":0},"end":{"line":117,"column":2}}},"fnMap":{"0":{"name":"(anonymous_0)","decl":{"start":{"line":1,"column":17},"end":{"line":1,"column":18}},"loc":{"start":{"line":1,"column":28},"end":{"line":5,"column":1}},"line":1},"1":{"name":"(anonymous_1)","decl":{"start":{"line":7,"column":19},"end":{"line":7,"column":20}},"loc":{"start":{"line":7,"column":30},"end":{"line":18,"column":1}},"line":7},"2":{"name":"(anonymous_2)","decl":{"start":{"line":20,"column":22},"end":{"line":20,"column":23}},"loc":{"start":{"line":20,"column":40},"end":{"line":30,"column":1}},"line":20},"3":{"name":"(anonymous_3)","decl":{"start":{"line":32,"column":22},"end":{"line":32,"column":23}},"loc":{"start":{"line":32,"column":40},"end":{"line":43,"column":1}},"line":32},"4":{"name":"(anonymous_4)","decl":{"start":{"line":45,"column":18},"end":{"line":45,"column":19}},"loc":{"start":{"line":45,"column":39},"end":{"line":59,"column":1}},"line":45},"5":{"name":"(anonymous_5)","decl":{"start":{"line":61,"column":18},"end":{"line":61,"column":19}},"loc":{"start":{"line":61,"column":64},"end":{"line":68,"column":1}},"line":61},"6":{"name":"(anonymous_6)","decl":{"start":{"line":70,"column":14},"end":{"line":70,"column":15}},"loc":{"start":{"line":70,"column":30},"end":{"line":85,"column":1}},"line":70},"7":{"name":"(anonymous_7)","decl":{"start":{"line":87,"column":18},"end":{"line":87,"column":19}},"loc":{"start":{"line":87,"column":29},"end":{"line":93,"column":1}},"line":87},"8":{"name":"(anonymous_8)","decl":{"start":{"line":95,"column":13},"end":{"line":95,"column":14}},"loc":{"start":{"line":95,"column":19},"end":{"line":106,"column":1}},"line":95},"9":{"name":"(anonymous_9)","decl":{"start":{"line":101,"column":66},"end":{"line":101,"column":67}},"loc":{"start":{"line":101,"column":71},"end":{"line":101,"column":80}},"line":101}},"branchMap":{"0":{"loc":{"start":{"line":2,"column":2},"end":{"line":2,"column":60}},"type":"if","locations":[{"start":{"line":2,"column":2},"end":{"line":2,"column":60}},{"start":{},"end":{}}],"line":2},"1":{"loc":{"start":{"line":2,"column":6},"end":{"line":2,"column":46}},"type":"binary-expr","locations":[{"start":{"line":2,"column":6},"end":{"line":2,"column":24}},{"start":{"line":2,"column":28},"end":{"line":2,"column":46}}],"line":2},"2":{"loc":{"start":{"line":3,"column":2},"end":{"line":3,"column":66}},"type":"if","locations":[{"start":{"line":3,"column":2},"end":{"line":3,"column":66}},{"start":{},"end":{}}],"line":3},"3":{"loc":{"start":{"line":11,"column":4},"end":{"line":15,"column":5}},"type":"if","locations":[{"start":{"line":11,"column":4},"end":{"line":15,"column":5}},{"start":{},"end":{}}],"line":11},"4":{"loc":{"start":{"line":17,"column":9},"end":{"line":17,"column":53}},"type":"cond-expr","locations":[{"start":{"line":17,"column":32},"end":{"line":17,"column":35}},{"start":{"line":17,"column":38},"end":{"line":17,"column":53}}],"line":17},"5":{"loc":{"start":{"line":20,"column":30},"end":{"line":20,"column":35}},"type":"default-arg","locations":[{"start":{"line":20,"column":34},"end":{"line":20,"column":35}}],"line":20},"6":{"loc":{"start":{"line":24,"column":4},"end":{"line":27,"column":5}},"type":"if","locations":[{"start":{"line":24,"column":4},"end":{"line":27,"column":5}},{"start":{},"end":{}}],"line":24},"7":{"loc":{"start":{"line":29,"column":9},"end":{"line":29,"column":63}},"type":"cond-expr","locations":[{"start":{"line":29,"column":32},"end":{"line":29,"column":35}},{"start":{"line":29,"column":38},"end":{"line":29,"column":63}}],"line":29},"8":{"loc":{"start":{"line":32,"column":30},"end":{"line":32,"column":35}},"type":"default-arg","locations":[{"start":{"line":32,"column":34},"end":{"line":32,"column":35}}],"line":32},"9":{"loc":{"start":{"line":37,"column":4},"end":{"line":37,"column":56}},"type":"if","locations":[{"start":{"line":37,"column":4},"end":{"line":37,"column":56}},{"start":{},"end":{}}],"line":37},"10":{"loc":{"start":{"line":42,"column":9},"end":{"line":42,"column":63}},"type":"cond-expr","locations":[{"start":{"line":42,"column":32},"end":{"line":42,"column":35}},{"start":{"line":42,"column":38},"end":{"line":42,"column":63}}],"line":42},"11":{"loc":{"start":{"line":49,"column":4},"end":{"line":54,"column":5}},"type":"if","locations":[{"start":{"line":49,"column":4},"end":{"line":54,"column":5}},{"start":{},"end":{}}],"line":49},"12":{"loc":{"start":{"line":61,"column":26},"end":{"line":61,"column":35}},"type":"default-arg","locations":[{"start":{"line":61,"column":34},"end":{"line":61,"column":35}}],"line":61},"13":{"loc":{"start":{"line":61,"column":37},"end":{"line":61,"column":59}},"type":"default-arg","locations":[{"start":{"line":61,"column":43},"end":{"line":61,"column":59}}],"line":61},"14":{"loc":{"start":{"line":63,"column":2},"end":{"line":63,"column":31}},"type":"if","locations":[{"start":{"line":63,"column":2},"end":{"line":63,"column":31}},{"start":{},"end":{}}],"line":63},"15":{"loc":{"start":{"line":73,"column":9},"end":{"line":73,"column":43}},"type":"binary-expr","locations":[{"start":{"line":73,"column":9},"end":{"line":73,"column":24}},{"start":{"line":73,"column":28},"end":{"line":73,"column":43}}],"line":73},"16":{"loc":{"start":{"line":74,"column":4},"end":{"line":78,"column":5}},"type":"if","locations":[{"start":{"line":74,"column":4},"end":{"line":78,"column":5}},{"start":{"line":76,"column":11},"end":{"line":78,"column":5}}],"line":74},"17":{"loc":{"start":{"line":89,"column":2},"end":{"line":89,"column":34}},"type":"if","locations":[{"start":{"line":89,"column":2},"end":{"line":89,"column":34}},{"start":{},"end":{}}],"line":89},"18":{"loc":{"start":{"line":100,"column":4},"end":{"line":100,"column":89}},"type":"if","locations":[{"start":{"line":100,"column":4},"end":{"line":100,"column":89}},{"start":{},"end":{}}],"line":100}},"s":{"0":1,"1":50036,"2":506,"3":49530,"4":49526,"5":4,"6":1,"7":8934,"8":8934,"9":8934,"10":882506,"11":246614,"12":246614,"13":246614,"14":8934,"15":1,"16":10032,"17":10032,"18":10032,"19":10032,"20":505135,"21":247415,"22":247415,"23":10032,"24":1,"25":10032,"26":10032,"27":10032,"28":10032,"29":10032,"30":505135,"31":31996,"32":10032,"33":10032,"34":10032,"35":1,"36":6640,"37":6640,"38":6640,"39":6640,"40":65562,"41":32803,"42":32803,"43":32803,"44":32803,"45":6640,"46":6640,"47":6640,"48":1,"49":13386,"50":13386,"51":6746,"52":6640,"53":6640,"54":6640,"55":6640,"56":1,"57":9926,"58":9926,"59":54247,"60":28065,"61":26182,"62":9926,"63":5458,"64":9926,"65":7584,"66":9926,"67":1,"68":19958,"69":19958,"70":10032,"71":9926,"72":9926,"73":9926,"74":1,"75":1,"76":1,"77":1,"78":1,"79":1,"80":0,"81":0,"82":0,"83":1,"84":1,"85":1},"f":{"0":50036,"1":8934,"2":10032,"3":10032,"4":6640,"5":13386,"6":9926,"7":19958,"8":1,"9":0},"b":{"0":[506,49530],"1":[50036,50036],"2":[49526,4],"3":[246614,635892],"4":[106,8828],"5":[106],"6":[247415,257720],"7":[106,9926],"8":[106],"9":[31996,473139],"10":[106,9926],"11":[32803,32759],"12":[106],"13":[106],"14":[6746,6640],"15":[64173,58689],"16":[28065,26182],"17":[10032,9926],"18":[1,0]},"_coverageSchema":"1a1c01bbd47fc00a2c39e90264f33305004495a9","hash":"00ad74d85edc379d68c3b9862755304337cf505f"}
}
