TN:
SF:exos.js
FN:1,(anonymous_0)
FN:10,(anonymous_1)
FN:22,(anonymous_2)
FN:36,(anonymous_3)
FN:36,(anonymous_4)
FNF:5
FNH:5
FNDA:8,(anonymous_0)
FNDA:5,(anonymous_1)
FNDA:18,(anonymous_2)
FNDA:8,(anonymous_3)
FNDA:28,(anonymous_4)
DA:1,1
DA:2,8
DA:3,20
DA:4,33
DA:7,4
DA:10,1
DA:11,5
DA:12,5
DA:13,27
DA:14,27
DA:15,77
DA:17,27
DA:19,5
DA:22,1
DA:23,18
DA:27,18
DA:29,14
DA:30,20
DA:33,10
DA:36,28
DA:38,1
LF:21
LH:21
BRDA:4,0,0,4
BRDA:4,0,1,29
BRDA:15,1,0,18
BRDA:15,1,1,59
BRDA:17,2,0,14
BRDA:17,2,1,13
BRDA:22,3,0,8
BRDA:27,4,0,4
BRDA:27,4,1,14
BRDA:30,5,0,4
BRDA:30,5,1,16
BRF:11
BRH:11
end_of_record
TN:
SF:sort_algos.js
FN:1,(anonymous_0)
FN:7,(anonymous_1)
FN:20,(anonymous_2)
FN:32,(anonymous_3)
FN:45,(anonymous_4)
FN:61,(anonymous_5)
FN:70,(anonymous_6)
FN:87,(anonymous_7)
FNF:8
FNH:8
FNDA:50036,(anonymous_0)
FNDA:8922,(anonymous_1)
FNDA:10032,(anonymous_2)
FNDA:10032,(anonymous_3)
FNDA:6653,(anonymous_4)
FNDA:13412,(anonymous_5)
FNDA:9926,(anonymous_6)
FNDA:19958,(anonymous_7)
DA:1,1
DA:2,50036
DA:3,49530
DA:4,4
DA:7,1
DA:9,8922
DA:10,8922
DA:11,881318
DA:12,248437
DA:13,248437
DA:14,248437
DA:17,8922
DA:20,1
DA:21,10032
DA:22,10032
DA:23,10032
DA:24,505135
DA:25,248082
DA:26,248082
DA:29,10032
DA:32,1
DA:33,10032
DA:34,10032
DA:35,10032
DA:36,10032
DA:37,505135
DA:39,10032
DA:40,10032
DA:42,10032
DA:45,1
DA:46,6653
DA:47,6653
DA:48,6653
DA:49,64361
DA:50,32178
DA:51,32178
DA:52,32178
DA:53,32178
DA:56,6653
DA:57,6653
DA:58,6653
DA:61,1
DA:62,13412
DA:63,13412
DA:64,6653
DA:65,6653
DA:66,6653
DA:67,6653
DA:70,1
DA:71,9926
DA:73,9926
DA:74,54235
DA:75,27988
DA:77,26247
DA:81,9926
DA:82,9926
DA:84,9926
DA:87,1
DA:88,19958
DA:89,19958
DA:90,9926
DA:91,9926
DA:92,9926
DA:95,1
LF:64
LH:64
BRDA:2,0,0,506
BRDA:2,0,1,49530
BRDA:2,1,0,50036
BRDA:2,1,1,50036
BRDA:3,2,0,49526
BRDA:3,2,1,4
BRDA:11,3,0,248437
BRDA:11,3,1,632881
BRDA:17,4,0,106
BRDA:17,4,1,8816
BRDA:20,5,0,106
BRDA:24,6,0,248082
BRDA:24,6,1,257053
BRDA:29,7,0,106
BRDA:29,7,1,9926
BRDA:32,8,0,106
BRDA:37,9,0,32568
BRDA:37,9,1,472567
BRDA:42,10,0,106
BRDA:42,10,1,9926
BRDA:49,11,0,32178
BRDA:49,11,1,32183
BRDA:61,12,0,106
BRDA:61,13,0,106
BRDA:63,14,0,6759
BRDA:63,14,1,6653
BRDA:73,15,0,64161
BRDA:73,15,1,58641
BRDA:74,16,0,27988
BRDA:74,16,1,26247
BRDA:89,17,0,10032
BRDA:89,17,1,9926
BRF:32
BRH:32
end_of_record
