TN:
SF:exos.js
FN:1,(anonymous_0)
FN:10,(anonymous_1)
FN:22,(anonymous_2)
FN:32,(anonymous_3)
FN:36,(anonymous_4)
FN:36,(anonymous_5)
FNF:6
FNH:6
FNDA:8,(anonymous_0)
FNDA:5,(anonymous_1)
FNDA:8,(anonymous_2)
FNDA:1,(anonymous_3)
FNDA:8,(anonymous_4)
FNDA:28,(anonymous_5)
DA:1,1
DA:2,8
DA:3,20
DA:4,33
DA:7,4
DA:10,1
DA:11,5
DA:12,5
DA:13,27
DA:14,27
DA:15,77
DA:17,27
DA:19,5
DA:22,1
DA:23,8
DA:25,8
DA:26,15
DA:29,4
DA:32,1
DA:33,1
DA:36,28
DA:38,1
LF:22
LH:22
BRDA:4,0,0,4
BRDA:4,0,1,29
BRDA:15,1,0,18
BRDA:15,1,1,59
BRDA:17,2,0,14
BRDA:17,2,1,13
BRDA:26,3,0,4
BRDA:26,3,1,11
BRF:8
BRH:8
end_of_record
TN:
SF:sort_algos.js
FN:1,(anonymous_0)
FN:7,(anonymous_1)
FN:20,(anonymous_2)
FN:32,(anonymous_3)
FN:45,(anonymous_4)
FN:61,(anonymous_5)
FN:70,(anonymous_6)
FN:87,(anonymous_7)
FN:95,(anonymous_8)
FN:101,(anonymous_9)
FNF:10
FNH:9
FNDA:50036,(anonymous_0)
FNDA:8934,(anonymous_1)
FNDA:10032,(anonymous_2)
FNDA:10032,(anonymous_3)
FNDA:6640,(anonymous_4)
FNDA:13386,(anonymous_5)
FNDA:9926,(anonymous_6)
FNDA:19958,(anonymous_7)
FNDA:1,(anonymous_8)
FNDA:0,(anonymous_9)
DA:1,1
DA:2,50036
DA:3,49530
DA:4,4
DA:7,1
DA:9,8934
DA:10,8934
DA:11,882506
DA:12,246614
DA:13,246614
DA:14,246614
DA:17,8934
DA:20,1
DA:21,10032
DA:22,10032
DA:23,10032
DA:24,505135
DA:25,247415
DA:26,247415
DA:29,10032
DA:32,1
DA:33,10032
DA:34,10032
DA:35,10032
DA:36,10032
DA:37,505135
DA:39,10032
DA:40,10032
DA:42,10032
DA:45,1
DA:46,6640
DA:47,6640
DA:48,6640
DA:49,65562
DA:50,32803
DA:51,32803
DA:52,32803
DA:53,32803
DA:56,6640
DA:57,6640
DA:58,6640
DA:61,1
DA:62,13386
DA:63,13386
DA:64,6640
DA:65,6640
DA:66,6640
DA:67,6640
DA:70,1
DA:71,9926
DA:73,9926
DA:74,54247
DA:75,28065
DA:77,26182
DA:81,9926
DA:82,9926
DA:84,9926
DA:87,1
DA:88,19958
DA:89,19958
DA:90,9926
DA:91,9926
DA:92,9926
DA:95,1
DA:96,1
DA:97,1
DA:99,1
DA:100,1
DA:101,0
DA:102,0
DA:104,1
DA:108,1
DA:110,1
LF:73
LH:71
BRDA:2,0,0,506
BRDA:2,0,1,49530
BRDA:2,1,0,50036
BRDA:2,1,1,50036
BRDA:3,2,0,49526
BRDA:3,2,1,4
BRDA:11,3,0,246614
BRDA:11,3,1,635892
BRDA:17,4,0,106
BRDA:17,4,1,8828
BRDA:20,5,0,106
BRDA:24,6,0,247415
BRDA:24,6,1,257720
BRDA:29,7,0,106
BRDA:29,7,1,9926
BRDA:32,8,0,106
BRDA:37,9,0,31996
BRDA:37,9,1,473139
BRDA:42,10,0,106
BRDA:42,10,1,9926
BRDA:49,11,0,32803
BRDA:49,11,1,32759
BRDA:61,12,0,106
BRDA:61,13,0,106
BRDA:63,14,0,6746
BRDA:63,14,1,6640
BRDA:73,15,0,64173
BRDA:73,15,1,58689
BRDA:74,16,0,28065
BRDA:74,16,1,26182
BRDA:89,17,0,10032
BRDA:89,17,1,9926
BRDA:100,18,0,1
BRDA:100,18,1,0
BRF:34
BRH:33
end_of_record
